android/build/intermediates/manifest_merge_blame_file/debug/manifest-merger-blame-debug-report.txt
1<?xml version="1.0" encoding="utf-8"?>
2<manifest xmlns:android="http://schemas.android.com/apk/res/android"
3    package="com.sample.ru.hse.fmcs.tickgame"
4    android:versionCode="1"
5    android:versionName="1.0" >
6
7    <uses-sdk
8        android:minSdkVersion="16"
8-->src\main\AndroidManifest.xml
9        android:targetSdkVersion="29" />
9-->src\main\AndroidManifest.xml
10
11    <uses-feature
11-->src\main\AndroidManifest.xml:5:5-7:36
12        android:name="android.hardware.touchscreen"
12-->src\main\AndroidManifest.xml:6:9-52
13        android:required="false" />
13-->src\main\AndroidManifest.xml:7:9-33
14    <uses-feature
14-->src\main\AndroidManifest.xml:8:5-10:36
15        android:name="android.software.leanback"
15-->src\main\AndroidManifest.xml:9:9-49
16        android:required="false" />
16-->src\main\AndroidManifest.xml:10:9-33
17
18    <application
18-->src\main\AndroidManifest.xml:12:5-36:19
19        android:name="androidx.multidex.MultiDexApplication"
20        android:allowBackup="true"
20-->src\main\AndroidManifest.xml:13:9-35
21        android:appComponentFactory="androidx.core.app.CoreComponentFactory"
21-->[androidx.core:core:1.0.0] AndroidManifest.xml:22:18-86
22        android:debuggable="true"
23        android:icon="@mipmap/icon"
23-->src\main\AndroidManifest.xml:14:9-36
24        android:label="unnamed"
24-->src\main\AndroidManifest.xml:15:9-32
25        android:roundIcon="@android:drawable/sym_def_app_icon"
25-->src\main\AndroidManifest.xml:16:9-63
26        android:supportsRtl="true"
26-->src\main\AndroidManifest.xml:17:9-35
27        android:testOnly="true"
28        android:theme="@style/Theme.AppCompat.Light" >
28-->src\main\AndroidManifest.xml:18:9-53
29        <activity
29-->src\main\AndroidManifest.xml:19:9-27:20
30            android:name="ru.hse.fmcs.tickgame.StartActivity"
30-->src\main\AndroidManifest.xml:20:13-62
31            android:exported="true" >
31-->src\main\AndroidManifest.xml:21:13-36
32            <intent-filter>
32-->src\main\AndroidManifest.xml:22:13-26:29
33                <action android:name="android.intent.action.MAIN" />
33-->src\main\AndroidManifest.xml:23:17-69
33-->src\main\AndroidManifest.xml:23:25-66
34
35                <category android:name="android.intent.category.LAUNCHER" />
35-->src\main\AndroidManifest.xml:25:17-77
35-->src\main\AndroidManifest.xml:25:27-74
36            </intent-filter>
37        </activity>
38        <activity
38-->src\main\AndroidManifest.xml:28:9-35:20
39            android:name="ru.hse.fmcs.tickgame.MainActivity"
39-->src\main\AndroidManifest.xml:29:13-61
40            android:banner="@drawable/app_banner"
40-->src\main\AndroidManifest.xml:30:13-50
41            android:icon="@drawable/app_icon"
41-->src\main\AndroidManifest.xml:31:13-46
42            android:label="Tick Game"
42-->src\main\AndroidManifest.xml:32:13-38
43            android:logo="@drawable/app_icon" >
43-->src\main\AndroidManifest.xml:33:13-46
44        </activity>
45    </application>
46
47</manifest>